Using pre-set license
Built from '2020.3/staging' branch; Version is '2020.3.19f1 (68f137dc9bbe) revision 6877495'; Using compiler version '192528614'; Build Type 'Release'
OS: 'Windows 10 Education; OS build 18363.1916; Version 1909; 64bit' Language: 'ru' Physical Memory: 16310 MB
BatchMode: 1, IsHumanControllingUs: 0, StartBugReporterOnCrash: 0, Is64bit: 1, IsPro: 0

COMMAND LINE ARGUMENTS:
D:\home\Unity3d\2020.3.19f1\Editor\Unity.exe
-adb2
-batchMode
-noUpm
-name
AssetImportWorker0
-projectPath
D:/home/Unity3d/DCQueueTrial/DCQueueTrial
-logFile
Logs/AssetImportWorker0.log
-srvPort
13607
Successfully changed project path to: D:/home/Unity3d/DCQueueTrial/DCQueueTrial
D:/home/Unity3d/DCQueueTrial/DCQueueTrial
Using Asset Import Pipeline V2.
Refreshing native plugins compatible for Editor in 40.39 ms, found 2 plugins.
Preloading 0 native plugins for Editor in 0.00 ms.
Initialize engine version: 2020.3.19f1 (68f137dc9bbe)
[Subsystems] Discovering subsystems at path D:/home/Unity3d/2020.3.19f1/Editor/Data/Resources/UnitySubsystems
[Subsystems] Discovering subsystems at path D:/home/Unity3d/DCQueueTrial/DCQueueTrial/Assets
GfxDevice: creating device client; threaded=0
Direct3D:
    Version:  Direct3D 11.0 [level 11.1]
    Renderer: NVIDIA GeForce GTX 950 (ID=0x1402)
    Vendor:   
    VRAM:     2007 MB
    Driver:   27.21.14.6140
Initialize mono
Mono path[0] = 'D:/home/Unity3d/2020.3.19f1/Editor/Data/Managed'
Mono path[1] = 'D:/home/Unity3d/2020.3.19f1/Editor/Data/MonoBleedingEdge/lib/mono/unityjit'
Mono config path = 'D:/home/Unity3d/2020.3.19f1/Editor/Data/MonoBleedingEdge/etc'
Using monoOptions --debugger-agent=transport=dt_socket,embedding=1,server=y,suspend=n,address=127.0.0.1:56748
Begin MonoManager ReloadAssembly
Registering precompiled unity dll's ...
Register platform support module: D:/home/Unity3d/2020.3.19f1/Editor/Data/PlaybackEngines/WebGLSupport/UnityEditor.WebGL.Extensions.dll
Register platform support module: D:/home/Unity3d/2020.3.19f1/Editor/Data/PlaybackEngines/WindowsStandaloneSupport/UnityEditor.WindowsStandalone.Extensions.dll
Registered in 0.001611 seconds.
Native extension for WindowsStandalone target not found
Native extension for WebGL target not found
Refreshing native plugins compatible for Editor in 37.88 ms, found 2 plugins.
Preloading 0 native plugins for Editor in 0.00 ms.
Mono: successfully reloaded assembly
- Completed reload, in  1.524 seconds
Domain Reload Profiling:
	ReloadAssembly (1524ms)
		BeginReloadAssembly (71ms)
			ExecutionOrderSort (0ms)
			DisableScriptedObjects (0ms)
			BackupInstance (0ms)
			ReleaseScriptingObjects (0ms)
			CreateAndSetChildDomain (1ms)
		EndReloadAssembly (449ms)
			LoadAssemblies (71ms)
			RebuildTransferFunctionScriptingTraits (0ms)
			SetupTypeCache (163ms)
			ReleaseScriptCaches (0ms)
			RebuildScriptCaches (37ms)
			SetupLoadedEditorAssemblies (174ms)
				LogAssemblyErrors (0ms)
				InitializePlatformSupportModulesInManaged (5ms)
				SetLoadedEditorAssemblies (0ms)
				RefreshPlugins (38ms)
				BeforeProcessingInitializeOnLoad (13ms)
				ProcessInitializeOnLoadAttributes (87ms)
				ProcessInitializeOnLoadMethodAttributes (30ms)
				AfterProcessingInitializeOnLoad (0ms)
				EditorAssembliesLoaded (0ms)
			ExecutionOrderSort2 (0ms)
			AwakeInstancesAfterBackupRestoration (0ms)
Platform modules already initialized, skipping
Registering precompiled user dll's ...
Registered in 0.006442 seconds.
Begin MonoManager ReloadAssembly
Native extension for WindowsStandalone target not found
Native extension for WebGL target not found
Refreshing native plugins compatible for Editor in 0.39 ms, found 2 plugins.
Preloading 0 native plugins for Editor in 0.00 ms.
Mono: successfully reloaded assembly
- Completed reload, in  1.212 seconds
Domain Reload Profiling:
	ReloadAssembly (1213ms)
		BeginReloadAssembly (170ms)
			ExecutionOrderSort (0ms)
			DisableScriptedObjects (5ms)
			BackupInstance (0ms)
			ReleaseScriptingObjects (0ms)
			CreateAndSetChildDomain (21ms)
		EndReloadAssembly (982ms)
			LoadAssemblies (111ms)
			RebuildTransferFunctionScriptingTraits (0ms)
			SetupTypeCache (307ms)
			ReleaseScriptCaches (0ms)
			RebuildScriptCaches (58ms)
			SetupLoadedEditorAssemblies (419ms)
				LogAssemblyErrors (0ms)
				InitializePlatformSupportModulesInManaged (6ms)
				SetLoadedEditorAssemblies (0ms)
				RefreshPlugins (0ms)
				BeforeProcessingInitializeOnLoad (100ms)
				ProcessInitializeOnLoadAttributes (299ms)
				ProcessInitializeOnLoadMethodAttributes (10ms)
				AfterProcessingInitializeOnLoad (2ms)
				EditorAssembliesLoaded (0ms)
			ExecutionOrderSort2 (0ms)
			AwakeInstancesAfterBackupRestoration (7ms)
Platform modules already initialized, skipping
========================================================================
Worker process is ready to serve import requests
Launched and connected shader compiler UnityShaderCompiler.exe after 0.08 seconds
Refreshing native plugins compatible for Editor in 0.43 ms, found 2 plugins.
Preloading 0 native plugins for Editor in 0.00 ms.
Unloading 1874 Unused Serialized files (Serialized files now loaded: 0)
System memory in use before: 84.4 MB.
System memory in use after: 84.5 MB.

Unloading 75 unused Assets to reduce memory usage. Loaded Objects now: 2303.
Total: 3.401900 ms (FindLiveObjects: 0.199100 ms CreateObjectMapping: 0.056700 ms MarkObjects: 3.005700 ms  DeleteObjects: 0.139300 ms)

AssetImportParameters requested are different than current active one (requested -> active):
  custom:framework-win-MediaFoundation: 216162199b28c13a410421893ffa2e32 -> 
  custom:video-decoder-ogg-theora: a1e56fd34408186e4bbccfd4996cb3dc -> 
  custom:container-muxer-webm: aa71ff27fc2769a1b78a27578f13a17b -> 
  custom:container-demuxer-webm: 4f35f7cbe854078d1ac9338744f61a02 -> 
  custom:container-demuxer-ogg: 62fdf1f143b41e24485cea50d1cbac27 -> 
  custom:video-encoder-webm-vp8: eb34c28f22e8b96e1ab97ce403110664 -> 
  custom:video-codec-MediaFoundation-h265: 746d11721c4dcdbdad8f713fa42b33f4 -> 
  custom:video-decoder-webm-vp8: 9c59270c3fd7afecdb556c50c9e8de78 -> 
  custom:audio-decoder-ogg-vorbis: bf7c407c2cedff20999df2af8eb42d56 -> 
  custom:audio-encoder-webm-vorbis: bf7c407c2cedff20999df2af8eb42d56 -> 
========================================================================
Received Import Request.
  path: Assets/Scripts/Mutex.cs
  artifactKey: Guid(ec9e80caaa6f1ca4a867b5e3387c1b16) Importer(815301076,1909f56bfc062723c751e8b465ee728b)
Start importing Assets/Scripts/Mutex.cs using Guid(ec9e80caaa6f1ca4a867b5e3387c1b16) Importer(815301076,1909f56bfc062723c751e8b465ee728b)  -> (artifact id: 'e1d5e2650d97fd3231e4b2bb959c8b16') in 0.055596 seconds 
  Import took 0.058765 seconds .

========================================================================
Received Import Request.
  Time since last request: 0.053363 seconds.
  path: Assets/idle.anim
  artifactKey: Guid(12df8db8149fe6b4b991d784c88063ea) Importer(815301076,1909f56bfc062723c751e8b465ee728b)
Start importing Assets/idle.anim using Guid(12df8db8149fe6b4b991d784c88063ea) Importer(815301076,1909f56bfc062723c751e8b465ee728b)  -> (artifact id: '82d74a12496fd6f2e355882bdc646c26') in 0.017904 seconds 
  Import took 0.022084 seconds .

========================================================================
Received Import Request.
  Time since last request: 0.017736 seconds.
  path: Assets/Happy.anim
  artifactKey: Guid(5226fe8f5f56f964a829d9bf3907a102) Importer(815301076,1909f56bfc062723c751e8b465ee728b)
Start importing Assets/Happy.anim using Guid(5226fe8f5f56f964a829d9bf3907a102) Importer(815301076,1909f56bfc062723c751e8b465ee728b)  -> (artifact id: '0b89349c3ded40881dec5b825b0ea49d') in 0.010056 seconds 
  Import took 0.013960 seconds .

========================================================================
Received Import Request.
  Time since last request: 0.031824 seconds.
  path: Assets/Scripts/IBrain.cs
  artifactKey: Guid(25ff433ce0d50304398e7097106b556d) Importer(815301076,1909f56bfc062723c751e8b465ee728b)
Start importing Assets/Scripts/IBrain.cs using Guid(25ff433ce0d50304398e7097106b556d) Importer(815301076,1909f56bfc062723c751e8b465ee728b)  -> (artifact id: '2a87d9fdc6d3e300699e64f1fe979ba5') in 0.005432 seconds 
  Import took 0.008751 seconds .

========================================================================
Received Import Request.
  Time since last request: 0.006246 seconds.
  path: Assets/SampleScene/NavMesh.asset
  artifactKey: Guid(38878f4f6bed08040bdea4d0f5d9a062) Importer(815301076,1909f56bfc062723c751e8b465ee728b)
Start importing Assets/SampleScene/NavMesh.asset using Guid(38878f4f6bed08040bdea4d0f5d9a062) Importer(815301076,1909f56bfc062723c751e8b465ee728b)  -> (artifact id: '275439ef3811a37eaf02d601b7988a9d') in 0.007622 seconds 
  Import took 0.011263 seconds .

========================================================================
Received Import Request.
  Time since last request: 0.006510 seconds.
  path: Assets/Client.controller
  artifactKey: Guid(8982d7fc895a48442ab546185cb49240) Importer(815301076,1909f56bfc062723c751e8b465ee728b)
Start importing Assets/Client.controller using Guid(8982d7fc895a48442ab546185cb49240) Importer(815301076,1909f56bfc062723c751e8b465ee728b)  -> (artifact id: '3052b877e949bc65d27316d2801a3f53') in 0.011873 seconds 
  Import took 0.015534 seconds .

========================================================================
Received Import Request.
  Time since last request: 0.006378 seconds.
  path: Assets/Scripts/Server.cs
  artifactKey: Guid(435c16be73f980144b137875ac874449) Importer(815301076,1909f56bfc062723c751e8b465ee728b)
Start importing Assets/Scripts/Server.cs using Guid(435c16be73f980144b137875ac874449) Importer(815301076,1909f56bfc062723c751e8b465ee728b)  -> (artifact id: 'cb0f8566f68e0b975c7a03da2af5b129') in 0.005236 seconds 
  Import took 0.008252 seconds .

========================================================================
Received Import Request.
  Time since last request: 0.006930 seconds.
  path: Assets/Scripts/Client.cs
  artifactKey: Guid(5a601c7b35492df4cbb643f33bece484) Importer(815301076,1909f56bfc062723c751e8b465ee728b)
Start importing Assets/Scripts/Client.cs using Guid(5a601c7b35492df4cbb643f33bece484) Importer(815301076,1909f56bfc062723c751e8b465ee728b)  -> (artifact id: 'abd9982abc376f7fa7b93004f7501d5f') in 0.001781 seconds 
  Import took 0.005648 seconds .

========================================================================
Received Import Request.
  Time since last request: 0.006067 seconds.
  path: Assets/Scripts/Legs.cs
  artifactKey: Guid(747b651646bb98948a591d9e2ddb44b7) Importer(815301076,1909f56bfc062723c751e8b465ee728b)
Start importing Assets/Scripts/Legs.cs using Guid(747b651646bb98948a591d9e2ddb44b7) Importer(815301076,1909f56bfc062723c751e8b465ee728b)  -> (artifact id: '6b9159d19dc6cb40f1cccb6f9fa0f62b') in 0.005286 seconds 
  Import took 0.008469 seconds .

========================================================================
Received Import Request.
  Time since last request: 0.059009 seconds.
  path: Assets/SampleScene
  artifactKey: Guid(42954dfea1375e5488af041e0115381f) Importer(815301076,1909f56bfc062723c751e8b465ee728b)
Start importing Assets/SampleScene using Guid(42954dfea1375e5488af041e0115381f) Importer(815301076,1909f56bfc062723c751e8b465ee728b)  -> (artifact id: '54260e27f3a48184a8fe37673fc7bafa') in 0.005535 seconds 
  Import took 0.009305 seconds .

========================================================================
Received Import Request.
  Time since last request: 0.091501 seconds.
  path: Assets/Scripts/IdiotBrain.cs
  artifactKey: Guid(8a55d51097b7bd14c8665df73e325a32) Importer(815301076,1909f56bfc062723c751e8b465ee728b)
Start importing Assets/Scripts/IdiotBrain.cs using Guid(8a55d51097b7bd14c8665df73e325a32) Importer(815301076,1909f56bfc062723c751e8b465ee728b)  -> (artifact id: 'fab1da55e4ed8118bf74bf6256bd9fc7') in 0.005403 seconds 
  Import took 0.008853 seconds .

========================================================================
Received Import Request.
  Time since last request: 0.006390 seconds.
  path: Assets/walk.anim
  artifactKey: Guid(4185446dec4abfb4cbee860649fc7bea) Importer(815301076,1909f56bfc062723c751e8b465ee728b)
Start importing Assets/walk.anim using Guid(4185446dec4abfb4cbee860649fc7bea) Importer(815301076,1909f56bfc062723c751e8b465ee728b)  -> (artifact id: '51178208d18c6ff2a9d3a75db671a335') in 0.005984 seconds 
  Import took 0.009752 seconds .

========================================================================
Received Import Request.
  Time since last request: 0.006376 seconds.
  path: Assets/SampleScene.unity
  artifactKey: Guid(9fc0d4010bbf28b4594072e72b8655ab) Importer(815301076,1909f56bfc062723c751e8b465ee728b)
Start importing Assets/SampleScene.unity using Guid(9fc0d4010bbf28b4594072e72b8655ab) Importer(815301076,1909f56bfc062723c751e8b465ee728b)  -> (artifact id: '26cb9d25ca3969a98aa318c22cfca8f0') in 0.005817 seconds 
  Import took 0.009168 seconds .

========================================================================
Received Import Request.
  Time since last request: 0.006357 seconds.
  path: Assets/Scripts/ClientsQueue.cs
  artifactKey: Guid(2e530d089bdede1468d7a91de77edd87) Importer(815301076,1909f56bfc062723c751e8b465ee728b)
Start importing Assets/Scripts/ClientsQueue.cs using Guid(2e530d089bdede1468d7a91de77edd87) Importer(815301076,1909f56bfc062723c751e8b465ee728b)  -> (artifact id: 'eca974d0cd423261400adf4f8986ffe3') in 0.005621 seconds 
  Import took 0.008846 seconds .

AssetImportWorkerClient::OnTransportError - code=2 error=End of file
